<?xml version="1.0" encoding="UTF-8"?>
<!-- Generated by org.testng.reporters.JUnitReportReporter -->
<testsuite hostname="DESKTOP-SL4FKN7" failures="0" tests="4" name="com.qacart.todo.testcases.UserTest" time="180.248" errors="0" timestamp="2023-05-17T18:13:55 EET" skipped="0">
  <testcase classname="com.qacart.todo.testcases.UserTest" name="shouldNotBeAbleToRegisterWithTheSameEmail" time="44.182"/>
  <system-out/>
  <testcase classname="com.qacart.todo.testcases.UserTest" name="shouldBeAbleToRegister" time="43.635"/>
  <system-out/>
  <testcase classname="com.qacart.todo.testcases.UserTest" name="shouldNotBeAbleToLogin" time="44.481"/>
  <system-out/>
  <testcase classname="com.qacart.todo.testcases.UserTest" name="shouldBeAbleToLogin" time="47.950"/>
  <system-out/>
</testsuite> <!-- com.qacart.todo.testcases.UserTest -->
