<?xml version="1.0" encoding="UTF-8"?>
<!-- Generated by org.testng.reporters.JUnitReportReporter -->
<testsuite hostname="DESKTOP-SL4FKN7" failures="0" tests="4" name="com.qacart.todo.testcases.TodoTest" time="217.381" errors="0" timestamp="2023-05-17T18:13:55 EET" skipped="0">
  <testcase classname="com.qacart.todo.testcases.TodoTest" name="shouldBeDeleteTaskByID" time="54.903"/>
  <system-out/>
  <testcase classname="com.qacart.todo.testcases.TodoTest" name="shouldNotBeAddTask" time="53.021"/>
  <system-out/>
  <testcase classname="com.qacart.todo.testcases.TodoTest" name="shouldBeGetTaskByID" time="55.093"/>
  <system-out/>
  <testcase classname="com.qacart.todo.testcases.TodoTest" name="shouldBeAddTask" time="54.364"/>
  <system-out/>
</testsuite> <!-- com.qacart.todo.testcases.TodoTest -->
